# JRE version: Java(TM) SE Runtime Environment (8.0_281-b09) (build 1.8.0_281-b09)
# Java VM: Java HotSpot(TM) 64-Bit Server VM (25.281-b09 mixed mode windows-amd64 compressed oops)
Heap:
 PSYoungGen      total 504320K, used 224888K [0x000000076b100000, 0x0000000794480000, 0x00000007c0000000)
  eden space 334336K, 44% used [0x000000076b100000,0x00000007741f8958,0x000000077f780000)
  from space 169984K, 44% used [0x000000077f780000,0x0000000784225a88,0x0000000789d80000)
  to   space 162304K, 0% used [0x000000078a600000,0x000000078a600000,0x0000000794480000)
 ParOldGen       total 1837568K, used 1578289K [0x00000006c1200000, 0x0000000731480000, 0x000000076b100000)
  object space 1837568K, 85% used [0x00000006c1200000,0x000000072174c678,0x0000000731480000)
 Metaspace       used 103504K, capacity 103917K, committed 104704K, reserved 1140736K
  class space    used 12862K, capacity 12966K, committed 13056K, reserved 1048576K
GC Heap History (10 events):
Event: 445.895 GC heap before
{Heap before GC invocations=27 (full 6):
 PSYoungGen      total 464896K, used 334622K [0x000000076b100000, 0x0000000795680000, 0x00000007c0000000)
  eden space 289280K, 100% used [0x000000076b100000,0x000000077cb80000,0x000000077cb80000)
  from space 175616K, 25% used [0x000000078ab00000,0x000000078d747ad0,0x0000000795680000)
  to   space 202240K, 0% used [0x000000077cb80000,0x000000077cb80000,0x0000000789100000)
 ParOldGen       total 1506816K, used 917258K [0x00000006c1200000, 0x000000071d180000, 0x000000076b100000)
  object space 1506816K, 60% used [0x00000006c1200000,0x00000006f91c2b88,0x000000071d180000)
 Metaspace       used 102904K, capacity 103309K, committed 103936K, reserved 1140736K
  class space    used 12846K, capacity 12934K, committed 13056K, reserved 1048576K
Event: 445.908 GC heap after
Heap after GC invocations=27 (full 6):
 PSYoungGen      total 491520K, used 54077K [0x000000076b100000, 0x0000000795500000, 0x00000007c0000000)
  eden space 289280K, 0% used [0x000000076b100000,0x000000076b100000,0x000000077cb80000)
  from space 202240K, 26% used [0x000000077cb80000,0x000000078004f478,0x0000000789100000)
  to   space 194048K, 0% used [0x0000000789780000,0x0000000789780000,0x0000000795500000)
 ParOldGen       total 1506816K, used 917266K [0x00000006c1200000, 0x000000071d180000, 0x000000076b100000)
  object space 1506816K, 60% used [0x00000006c1200000,0x00000006f91c4b88,0x000000071d180000)
 Metaspace       used 102904K, capacity 103309K, committed 103936K, reserved 1140736K
  class space    used 12846K, capacity 12934K, committed 13056K, reserved 1048576K
}
Event: 446.571 GC heap before
{Heap before GC invocations=28 (full 6):
 PSYoungGen      total 491520K, used 343357K [0x000000076b100000, 0x0000000795500000, 0x00000007c0000000)
  eden space 289280K, 100% used [0x000000076b100000,0x000000077cb80000,0x000000077cb80000)
  from space 202240K, 26% used [0x000000077cb80000,0x000000078004f478,0x0000000789100000)
  to   space 194048K, 0% used [0x0000000789780000,0x0000000789780000,0x0000000795500000)
 ParOldGen       total 1506816K, used 917326K [0x00000006c1200000, 0x000000071d180000, 0x000000076b100000)
  object space 1506816K, 60% used [0x00000006c1200000,0x00000006f91d3860,0x000000071d180000)
 Metaspace       used 103037K, capacity 103437K, committed 104192K, reserved 1140736K
  class space    used 12846K, capacity 12934K, committed 13056K, reserved 1048576K
Event: 446.584 GC heap after
Heap after GC invocations=28 (full 6):
 PSYoungGen      total 494080K, used 53431K [0x000000076b100000, 0x0000000794b00000, 0x00000007c0000000)
  eden space 310272K, 0% used [0x000000076b100000,0x000000076b100000,0x000000077e000000)
  from space 183808K, 29% used [0x0000000789780000,0x000000078cbadea0,0x0000000794b00000)
  to   space 185856K, 0% used [0x000000077e000000,0x000000077e000000,0x0000000789580000)
 ParOldGen       total 1506816K, used 917334K [0x00000006c1200000, 0x000000071d180000, 0x000000076b100000)
  object space 1506816K, 60% used [0x00000006c1200000,0x00000006f91d5860,0x000000071d180000)
 Metaspace       used 103037K, capacity 103437K, committed 104192K, reserved 1140736K
  class space    used 12846K, capacity 12934K, committed 13056K, reserved 1048576K
}
Event: 449.437 GC heap before
{Heap before GC invocations=29 (full 6):
 PSYoungGen      total 494080K, used 363703K [0x000000076b100000, 0x0000000794b00000, 0x00000007c0000000)
  eden space 310272K, 100% used [0x000000076b100000,0x000000077e000000,0x000000077e000000)
  from space 183808K, 29% used [0x0000000789780000,0x000000078cbadea0,0x0000000794b00000)
  to   space 185856K, 0% used [0x000000077e000000,0x000000077e000000,0x0000000789580000)
 ParOldGen       total 1506816K, used 917336K [0x00000006c1200000, 0x000000071d180000, 0x000000076b100000)
  object space 1506816K, 60% used [0x00000006c1200000,0x00000006f91d6058,0x000000071d180000)
 Metaspace       used 103122K, capacity 103501K, committed 104192K, reserved 1140736K
  class space    used 12849K, capacity 12934K, committed 13056K, reserved 1048576K
Event: 449.451 GC heap after
Heap after GC invocations=29 (full 6):
 PSYoungGen      total 496128K, used 55078K [0x000000076b100000, 0x0000000794f00000, 0x00000007c0000000)
  eden space 310272K, 0% used [0x000000076b100000,0x000000076b100000,0x000000077e000000)
  from space 185856K, 29% used [0x000000077e000000,0x00000007815c9bb0,0x0000000789580000)
  to   space 177664K, 0% used [0x000000078a180000,0x000000078a180000,0x0000000794f00000)
 ParOldGen       total 1506816K, used 917336K [0x00000006c1200000, 0x000000071d180000, 0x000000076b100000)
  object space 1506816K, 60% used [0x00000006c1200000,0x00000006f91d6058,0x000000071d180000)
 Metaspace       used 103122K, capacity 103501K, committed 104192K, reserved 1140736K
  class space    used 12849K, capacity 12934K, committed 13056K, reserved 1048576K
}
Event: 450.320 GC heap before
{Heap before GC invocations=30 (full 6):
 PSYoungGen      total 496128K, used 365350K [0x000000076b100000, 0x0000000794f00000, 0x00000007c0000000)
  eden space 310272K, 100% used [0x000000076b100000,0x000000077e000000,0x000000077e000000)
  from space 185856K, 29% used [0x000000077e000000,0x00000007815c9bb0,0x0000000789580000)
  to   space 177664K, 0% used [0x000000078a180000,0x000000078a180000,0x0000000794f00000)
 ParOldGen       total 1506816K, used 917336K [0x00000006c1200000, 0x000000071d180000, 0x000000076b100000)
  object space 1506816K, 60% used [0x00000006c1200000,0x00000006f91d6058,0x000000071d180000)
 Metaspace       used 103186K, capacity 103565K, committed 104192K, reserved 1140736K
  class space    used 12850K, capacity 12934K, committed 13056K, reserved 1048576K
Event: 450.334 GC heap after
Heap after GC invocations=30 (full 6):
 PSYoungGen      total 500224K, used 55434K [0x000000076b100000, 0x0000000794380000, 0x00000007c0000000)
  eden space 334336K, 0% used [0x000000076b100000,0x000000076b100000,0x000000077f780000)
  from space 165888K, 33% used [0x000000078a180000,0x000000078d7a2b70,0x0000000794380000)
  to   space 169984K, 0% used [0x000000077f780000,0x000000077f780000,0x0000000789d80000)
 ParOldGen       total 1506816K, used 917344K [0x00000006c1200000, 0x000000071d180000, 0x000000076b100000)
  object space 1506816K, 60% used [0x00000006c1200000,0x00000006f91d8058,0x000000071d180000)
 Metaspace       used 103186K, capacity 103565K, committed 104192K, reserved 1140736K
  class space    used 12850K, capacity 12934K, committed 13056K, reserved 1048576K
}
Event: 457.403 GC heap before
{Heap before GC invocations=31 (full 6):
 PSYoungGen      total 500224K, used 389770K [0x000000076b100000, 0x0000000794380000, 0x00000007c0000000)
  eden space 334336K, 100% used [0x000000076b100000,0x000000077f780000,0x000000077f780000)
  from space 165888K, 33% used [0x000000078a180000,0x000000078d7a2b70,0x0000000794380000)
  to   space 169984K, 0% used [0x000000077f780000,0x000000077f780000,0x0000000789d80000)
 ParOldGen       total 1506816K, used 917344K [0x00000006c1200000, 0x000000071d180000, 0x000000076b100000)
  object space 1506816K, 60% used [0x00000006c1200000,0x00000006f91d8058,0x000000071d180000)
 Metaspace       used 103350K, capacity 103789K, committed 104448K, reserved 1140736K
  class space    used 12854K, capacity 12966K, committed 13056K, reserved 1048576K
Event: 457.422 GC heap after
Heap after GC invocations=31 (full 6):
 PSYoungGen      total 504320K, used 76438K [0x000000076b100000, 0x0000000794480000, 0x00000007c0000000)
  eden space 334336K, 0% used [0x000000076b100000,0x000000076b100000,0x000000077f780000)
  from space 169984K, 44% used [0x000000077f780000,0x0000000784225a88,0x0000000789d80000)
  to   space 162304K, 0% used [0x000000078a600000,0x000000078a600000,0x0000000794480000)
 ParOldGen       total 1506816K, used 917352K [0x00000006c1200000, 0x000000071d180000, 0x000000076b100000)
  object space 1506816K, 60% used [0x00000006c1200000,0x00000006f91da058,0x000000071d180000)
 Metaspace       used 103350K, capacity 103789K, committed 104448K, reserved 1140736K
  class space    used 12854K, capacity 12966K, committed 13056K, reserved 1048576K
}

