# JRE version: Java(TM) SE Runtime Environment (8.0_60-b27) (build 1.8.0_60-b27)
# Java VM: Java HotSpot(TM) 64-Bit Server VM (25.60-b23 mixed mode windows-amd64 compressed oops)
Heap:
 PSYoungGen      total 189440K, used 74249K [0x000000076b100000, 0x0000000778200000, 0x00000007c0000000)
  eden space 173568K, 33% used [0x000000076b100000,0x000000076ea03f78,0x0000000775a80000)
  from space 15872K, 99% used [0x0000000775a80000,0x00000007769fe620,0x0000000776a00000)
  to   space 16384K, 0% used [0x0000000776a00000,0x0000000776a00000,0x0000000777a00000)
 ParOldGen       total 150528K, used 62958K [0x00000006c1200000, 0x00000006ca500000, 0x000000076b100000)
  object space 150528K, 41% used [0x00000006c1200000,0x00000006c4f7bb98,0x00000006ca500000)
 Metaspace       used 54597K, capacity 54873K, committed 55168K, reserved 1097728K
  class space    used 6371K, capacity 6460K, committed 6528K, reserved 1048576K
GC Heap History (10 events):
Event: 6.914 GC heap before
{Heap before GC invocations=5 (full 1):
 PSYoungGen      total 76288K, used 71925K [0x000000076b100000, 0x0000000772f80000, 0x00000007c0000000)
  eden space 65536K, 99% used [0x000000076b100000,0x000000076f0cfbc8,0x000000076f100000)
  from space 10752K, 61% used [0x000000076f100000,0x000000076f76dac0,0x000000076fb80000)
  to   space 10752K, 0% used [0x0000000772500000,0x0000000772500000,0x0000000772f80000)
 ParOldGen       total 93184K, used 7645K [0x00000006c1200000, 0x00000006c6d00000, 0x000000076b100000)
  object space 93184K, 8% used [0x00000006c1200000,0x00000006c19777a0,0x00000006c6d00000)
 Metaspace       used 34995K, capacity 35224K, committed 35416K, reserved 1081344K
  class space    used 4182K, capacity 4273K, committed 4352K, reserved 1048576K
Event: 6.924 GC heap after
Heap after GC invocations=5 (full 1):
 PSYoungGen      total 118784K, used 10740K [0x000000076b100000, 0x0000000772f80000, 0x00000007c0000000)
  eden space 108032K, 0% used [0x000000076b100000,0x000000076b100000,0x0000000771a80000)
  from space 10752K, 99% used [0x0000000772500000,0x0000000772f7d0a0,0x0000000772f80000)
  to   space 10752K, 0% used [0x0000000771a80000,0x0000000771a80000,0x0000000772500000)
 ParOldGen       total 93184K, used 8518K [0x00000006c1200000, 0x00000006c6d00000, 0x000000076b100000)
  object space 93184K, 9% used [0x00000006c1200000,0x00000006c1a51be8,0x00000006c6d00000)
 Metaspace       used 34995K, capacity 35224K, committed 35416K, reserved 1081344K
  class space    used 4182K, capacity 4273K, committed 4352K, reserved 1048576K
}
Event: 6.924 GC heap before
{Heap before GC invocations=6 (full 2):
 PSYoungGen      total 118784K, used 10740K [0x000000076b100000, 0x0000000772f80000, 0x00000007c0000000)
  eden space 108032K, 0% used [0x000000076b100000,0x000000076b100000,0x0000000771a80000)
  from space 10752K, 99% used [0x0000000772500000,0x0000000772f7d0a0,0x0000000772f80000)
  to   space 10752K, 0% used [0x0000000771a80000,0x0000000771a80000,0x0000000772500000)
 ParOldGen       total 93184K, used 8518K [0x00000006c1200000, 0x00000006c6d00000, 0x000000076b100000)
  object space 93184K, 9% used [0x00000006c1200000,0x00000006c1a51be8,0x00000006c6d00000)
 Metaspace       used 34995K, capacity 35224K, committed 35416K, reserved 1081344K
  class space    used 4182K, capacity 4273K, committed 4352K, reserved 1048576K
Event: 6.966 GC heap after
Heap after GC invocations=6 (full 2):
 PSYoungGen      total 118784K, used 0K [0x000000076b100000, 0x0000000772f80000, 0x00000007c0000000)
  eden space 108032K, 0% used [0x000000076b100000,0x000000076b100000,0x0000000771a80000)
  from space 10752K, 0% used [0x0000000772500000,0x0000000772500000,0x0000000772f80000)
  to   space 10752K, 0% used [0x0000000771a80000,0x0000000771a80000,0x0000000772500000)
 ParOldGen       total 150528K, used 15883K [0x00000006c1200000, 0x00000006ca500000, 0x000000076b100000)
  object space 150528K, 10% used [0x00000006c1200000,0x00000006c2182e30,0x00000006ca500000)
 Metaspace       used 34995K, capacity 35224K, committed 35416K, reserved 1081344K
  class space    used 4182K, capacity 4273K, committed 4352K, reserved 1048576K
}
Event: 7.353 GC heap before
{Heap before GC invocations=7 (full 2):
 PSYoungGen      total 118784K, used 108032K [0x000000076b100000, 0x0000000772f80000, 0x00000007c0000000)
  eden space 108032K, 100% used [0x000000076b100000,0x0000000771a80000,0x0000000771a80000)
  from space 10752K, 0% used [0x0000000772500000,0x0000000772500000,0x0000000772f80000)
  to   space 10752K, 0% used [0x0000000771a80000,0x0000000771a80000,0x0000000772500000)
 ParOldGen       total 150528K, used 15883K [0x00000006c1200000, 0x00000006ca500000, 0x000000076b100000)
  object space 150528K, 10% used [0x00000006c1200000,0x00000006c2182e30,0x00000006ca500000)
 Metaspace       used 36881K, capacity 37144K, committed 37248K, reserved 1081344K
  class space    used 4389K, capacity 4465K, committed 4480K, reserved 1048576K
Event: 7.374 GC heap after
Heap after GC invocations=7 (full 2):
 PSYoungGen      total 118784K, used 10724K [0x000000076b100000, 0x0000000777a00000, 0x00000007c0000000)
  eden space 108032K, 0% used [0x000000076b100000,0x000000076b100000,0x0000000771a80000)
  from space 10752K, 99% used [0x0000000771a80000,0x00000007724f9050,0x0000000772500000)
  to   space 16384K, 0% used [0x0000000776a00000,0x0000000776a00000,0x0000000777a00000)
 ParOldGen       total 150528K, used 21126K [0x00000006c1200000, 0x00000006ca500000, 0x000000076b100000)
  object space 150528K, 14% used [0x00000006c1200000,0x00000006c26a1ba0,0x00000006ca500000)
 Metaspace       used 36881K, capacity 37144K, committed 37248K, reserved 1081344K
  class space    used 4389K, capacity 4465K, committed 4480K, reserved 1048576K
}
Event: 7.518 GC heap before
{Heap before GC invocations=8 (full 2):
 PSYoungGen      total 118784K, used 118756K [0x000000076b100000, 0x0000000777a00000, 0x00000007c0000000)
  eden space 108032K, 100% used [0x000000076b100000,0x0000000771a80000,0x0000000771a80000)
  from space 10752K, 99% used [0x0000000771a80000,0x00000007724f9050,0x0000000772500000)
  to   space 16384K, 0% used [0x0000000776a00000,0x0000000776a00000,0x0000000777a00000)
 ParOldGen       total 150528K, used 21126K [0x00000006c1200000, 0x00000006ca500000, 0x000000076b100000)
  object space 150528K, 14% used [0x00000006c1200000,0x00000006c26a1ba0,0x00000006ca500000)
 Metaspace       used 36889K, capacity 37144K, committed 37248K, reserved 1081344K
  class space    used 4389K, capacity 4465K, committed 4480K, reserved 1048576K
Event: 7.526 GC heap after
Heap after GC invocations=8 (full 2):
 PSYoungGen      total 189952K, used 10896K [0x000000076b100000, 0x0000000778200000, 0x00000007c0000000)
  eden space 173568K, 0% used [0x000000076b100000,0x000000076b100000,0x0000000775a80000)
  from space 16384K, 66% used [0x0000000776a00000,0x00000007774a4030,0x0000000777a00000)
  to   space 15872K, 0% used [0x0000000775a80000,0x0000000775a80000,0x0000000776a00000)
 ParOldGen       total 150528K, used 21134K [0x00000006c1200000, 0x00000006ca500000, 0x000000076b100000)
  object space 150528K, 14% used [0x00000006c1200000,0x00000006c26a3ba0,0x00000006ca500000)
 Metaspace       used 36889K, capacity 37144K, committed 37248K, reserved 1081344K
  class space    used 4389K, capacity 4465K, committed 4480K, reserved 1048576K
}
Event: 10.621 GC heap before
{Heap before GC invocations=9 (full 2):
 PSYoungGen      total 189952K, used 183885K [0x000000076b100000, 0x0000000778200000, 0x00000007c0000000)
  eden space 173568K, 99% used [0x000000076b100000,0x00000007759ef6a8,0x0000000775a80000)
  from space 16384K, 66% used [0x0000000776a00000,0x00000007774a4030,0x0000000777a00000)
  to   space 15872K, 0% used [0x0000000775a80000,0x0000000775a80000,0x0000000776a00000)
 ParOldGen       total 150528K, used 21134K [0x00000006c1200000, 0x00000006ca500000, 0x000000076b100000)
  object space 150528K, 14% used [0x00000006c1200000,0x00000006c26a3ba0,0x00000006ca500000)
 Metaspace       used 49682K, capacity 49998K, committed 50176K, reserved 1093632K
  class space    used 5805K, capacity 5872K, committed 5888K, reserved 1048576K
Event: 10.649 GC heap after
Heap after GC invocations=9 (full 2):
 PSYoungGen      total 189440K, used 15865K [0x000000076b100000, 0x0000000778200000, 0x00000007c0000000)
  eden space 173568K, 0% used [0x000000076b100000,0x000000076b100000,0x0000000775a80000)
  from space 15872K, 99% used [0x0000000775a80000,0x00000007769fe620,0x0000000776a00000)
  to   space 16384K, 0% used [0x0000000776a00000,0x0000000776a00000,0x0000000777a00000)
 ParOldGen       total 150528K, used 62958K [0x00000006c1200000, 0x00000006ca500000, 0x000000076b100000)
  object space 150528K, 41% used [0x00000006c1200000,0x00000006c4f7bb98,0x00000006ca500000)
 Metaspace       used 49682K, capacity 49998K, committed 50176K, reserved 1093632K
  class space    used 5805K, capacity 5872K, committed 5888K, reserved 1048576K
}

